<?xml version="1.0" encoding="UTF-8"?>
<testsuite name="hello.HelloControllerTest" tests="1" skipped="1" failures="0" errors="0" timestamp="2017-06-26T07:36:39" hostname="junzhihematombp" time="0.0">
  <properties/>
  <testcase name="initializationError" classname="hello.HelloControllerTest" time="0.0">
    <skipped/>
  </testcase>
  <system-out><![CDATA[]]></system-out>
  <system-err><![CDATA[]]></system-err>
</testsuite>
